Q1: OK 1
Q2: OK 2
Q3: OK 1
Q4: OK 1
Q5: OK 1
Q6: OK 2
Q7: OK 1
Q8: OK 1
Q9: OK 1
Q10: OK 2
Q11: OK 1
Q12: OK 1
Q13: OK 1
Q14: OK 1
Q15: OK 2
Q16: OK 1
Q17: OK 1
Q18: OK 1
Q19: OK 1
Q20: OK 1
Q21: OK 2
Q22: OK 1
Q23: OK 1
Q24: OK 2
Q25: OK 1
Q26: OK 1
Q27: OK 2
Q28: OK 1
Q29: OK 1
Q30: OK 1
Q31: OK 2
Q32: OK 2
Q33: OK 2
Q34: OK 2
Q35: OK 2
Q36: OK 2
Q37: OK 2
Q38: OK 2
Q39: ?
Q40: ?
Q41: OK 1
Q42: OK 1
Q43: OK 1
Q44: OK 1
Q45: OK 1
Q46: OK 2
Q47: OK 2
Q48: OK 1
Q49: OK 1
Q50: OK 1
{"OK"=>48, "NG"=>0, nil=>2}
NG: []
? : [39, 40]